GROUP,PACKAGE,CLASS,INSTRUCTION_MISSED,INSTRUCTION_COVERED,BRANCH_MISSED,BRANCH_COVERED,LINE_MISSED,LINE_COVERED,COMPLEXITY_MISSED,COMPLEXITY_COVERED,METHOD_MISSED,METHOD_COVERED
Java,com.thealgorithms.strings.zigZagPattern,ZigZagPattern,2,91,2,12,1,27,2,6,0,1
Java,com.thealgorithms.datastructures.crdt,GSet,0,32,0,0,0,9,0,5,0,5
Java,com.thealgorithms.datastructures.crdt,Element,0,12,0,0,0,5,0,1,0,1
Java,com.thealgorithms.datastructures.crdt,ORSet.Pair,0,12,0,0,0,5,0,2,0,2
Java,com.thealgorithms.datastructures.crdt,GCounter,0,128,0,10,0,21,0,10,0,5
Java,com.thealgorithms.datastructures.crdt,LWWElementSet,49,138,14,18,5,24,10,13,0,7
Java,com.thealgorithms.datastructures.crdt,PNCounter,10,205,2,12,2,26,2,11,0,6
Java,com.thealgorithms.datastructures.crdt,ORSet,0,181,1,7,0,39,1,17,0,14
Java,com.thealgorithms.datastructures.crdt,Bias,0,15,0,0,0,3,0,1,0,1
Java,com.thealgorithms.datastructures.crdt,TwoPSet,0,89,1,9,0,17,1,10,0,6
Java,com.thealgorithms.datastructures.trees,RedBlackBST.Node,30,0,0,0,8,0,1,0,1,0
Java,com.thealgorithms.datastructures.trees,SplayTree,0,319,1,45,0,66,1,34,0,12
Java,com.thealgorithms.datastructures.trees,BSTRecursive,90,99,17,13,23,27,13,10,2,6
Java,com.thealgorithms.datastructures.trees,PostOrderTraversal,0,71,0,10,0,23,0,8,0,3
Java,com.thealgorithms.datastructures.trees,BSTIterative,99,126,18,22,30,45,14,11,1,4
Java,com.thealgorithms.datastructures.trees,AVLTree,57,423,15,57,15,100,14,38,1,15
Java,com.thealgorithms.datastructures.trees,AVLSimple,282,0,34,0,59,0,26,0,9,0
Java,com.thealgorithms.datastructures.trees,NRKTree,56,0,6,0,17,0,6,0,3,0
Java,com.thealgorithms.datastructures.trees,RedBlackBST,889,0,104,0,224,0,66,0,14,0
Java,com.thealgorithms.datastructures.trees,LCA,166,0,16,0,37,0,12,0,4,0
Java,com.thealgorithms.datastructures.trees,Point,0,9,0,0,0,4,0,1,0,1
Java,com.thealgorithms.datastructures.trees,InorderTraversal,0,69,0,10,0,21,0,8,0,3
Java,com.thealgorithms.datastructures.trees,CeilInBinarySearchTree,0,30,0,8,0,8,0,5,0,1
Java,com.thealgorithms.datastructures.trees,BSTFromSortedArray,0,53,0,6,0,10,0,5,0,2
Java,com.thealgorithms.datastructures.trees,AVLTree.Node,0,13,0,0,0,5,0,2,0,2
Java,com.thealgorithms.datastructures.trees,TreeRandomNode.Node,3,0,0,0,1,0,1,0,1,0
Java,com.thealgorithms.datastructures.trees,TrieNode,0,14,0,0,0,5,0,1,0,1
Java,com.thealgorithms.datastructures.trees,BinaryTree.Node,0,15,0,0,0,6,0,1,0,1
Java,com.thealgorithms.datastructures.trees,KDTree.Point,10,83,1,7,3,19,3,9,2,6
Java,com.thealgorithms.datastructures.trees,AVLSimple.Node,9,0,0,0,4,0,1,0,1,0
Java,com.thealgorithms.datastructures.trees,BSTRecursiveGeneric,427,89,63,11,105,24,43,11,11,6
Java,com.thealgorithms.datastructures.trees,CheckBinaryTreeIsValidBST,0,41,0,10,0,6,0,7,0,2
Java,com.thealgorithms.datastructures.trees,GenericTree.Node,8,0,0,0,2,0,1,0,1,0
Java,com.thealgorithms.datastructures.trees,LazySegmentTree.Node,4,112,5,9,1,32,4,10,0,7
Java,com.thealgorithms.datastructures.trees,SplayTree.PostOrderTraversal,0,19,0,2,0,5,0,2,0,1
Java,com.thealgorithms.datastructures.trees,BoundingBox,0,113,3,13,0,6,3,8,0,3
Java,com.thealgorithms.datastructures.trees,QuadTree,2,257,1,19,1,44,1,13,0,4
Java,com.thealgorithms.datastructures.trees,CheckTreeIsSymmetric,0,51,4,14,0,9,4,8,0,3
Java,com.thealgorithms.datastructures.trees,FenwickTree,56,0,4,0,15,0,5,0,3,0
Java,com.thealgorithms.datastructures.trees,Treap.TreapNode,0,44,0,4,0,13,0,4,0,2
Java,com.thealgorithms.datastructures.trees,BinaryTree,195,191,35,29,50,58,24,19,2,9
Java,com.thealgorithms.datastructures.trees,SplayTree.Node,0,12,0,0,0,5,0,1,0,1
Java,com.thealgorithms.datastructures.trees,TreeRandomNode,62,0,2,0,18,0,5,0,4,0
Java,com.thealgorithms.datastructures.trees,TreeNode,12,0,0,0,5,0,1,0,1,0
Java,com.thealgorithms.datastructures.trees,LazySegmentTree,2,154,1,19,0,31,1,16,0,7
Java,com.thealgorithms.datastructures.trees,SameTreesCheck,3,113,8,26,1,30,8,11,0,2
Java,com.thealgorithms.datastructures.trees,KDTree,262,328,28,30,49,59,25,26,8,14
Java,com.thealgorithms.datastructures.trees,BoundaryTraversal,0,250,0,64,0,66,0,38,0,6
Java,com.thealgorithms.datastructures.trees,SegmentTree,254,0,26,0,38,0,19,0,6,0
Java,com.thealgorithms.datastructures.trees,SplayTree.InOrderTraversal,0,19,0,2,0,5,0,2,0,1
Java,com.thealgorithms.datastructures.trees,VerticalOrderTraversal,0,148,0,12,0,28,0,7,0,1
Java,com.thealgorithms.datastructures.trees,CreateBinaryTreeFromInorderPreorder,0,164,2,14,0,29,2,10,0,4
Java,com.thealgorithms.datastructures.trees,Tree,91,0,10,0,24,0,8,0,3,0
Java,com.thealgorithms.datastructures.trees,SplayTree.EmptyTreeException,0,4,0,0,0,2,0,1,0,1
Java,com.thealgorithms.datastructures.trees,KDTree.Node,6,59,0,4,2,15,2,8,2,6
Java,com.thealgorithms.datastructures.trees,Treap,185,220,20,24,55,57,24,20,13,9
Java,com.thealgorithms.datastructures.trees,BSTRecursiveGeneric.Node,0,12,0,0,0,5,0,1,0,1
Java,com.thealgorithms.datastructures.trees,PreOrderTraversal,0,72,0,10,0,23,0,8,0,3
Java,com.thealgorithms.datastructures.trees,QItem,9,0,0,0,4,0,1,0,1,0
Java,com.thealgorithms.datastructures.trees,ZigzagTraversal,0,83,0,14,0,22,0,8,0,1
Java,com.thealgorithms.datastructures.trees,NearestRightKey,81,0,8,0,22,0,7,0,3,0
Java,com.thealgorithms.datastructures.trees,GenericTree,446,0,42,0,93,0,42,0,21,0
Java,com.thealgorithms.datastructures.trees,LevelOrderTraversal,31,66,6,10,9,18,4,6,1,1
Java,com.thealgorithms.datastructures.trees,SplayTree.DuplicateKeyException,0,4,0,0,0,2,0,1,0,1
Java,com.thealgorithms.datastructures.trees,Trie,8,209,4,24,4,49,4,18,0,8
Java,com.thealgorithms.datastructures.trees,SplayTree.PreOrderTraversal,0,19,0,2,0,5,0,2,0,1
Java,com.thealgorithms.datastructures.trees,PrintTopViewofTree,52,0,0,0,10,0,1,0,1,0
Java,com.thealgorithms.datastructures.trees,CheckIfBinaryTreeBalanced,0,162,2,26,0,41,2,15,0,3
Java,com.thealgorithms.devutils.nodes,Node,16,0,0,0,8,0,4,0,4,0
Java,com.thealgorithms.devutils.nodes,SimpleTreeNode,47,0,4,0,17,0,11,0,9,0
Java,com.thealgorithms.devutils.nodes,SimpleNode,28,0,2,0,11,0,7,0,6,0
Java,com.thealgorithms.devutils.nodes,LargeTreeNode,38,0,4,0,13,0,9,0,7,0
Java,com.thealgorithms.devutils.nodes,TreeNode,51,0,2,0,16,0,8,0,7,0
Java,com.thealgorithms.datastructures.buffers,CircularBuffer.CircularPointer,0,23,0,0,0,7,0,2,0,2
Java,com.thealgorithms.datastructures.buffers,CircularBuffer,0,102,0,12,0,23,0,11,0,5
Java,com.thealgorithms.greedyalgorithms,MinimumWaitingTime,0,33,0,4,0,8,0,3,0,1
Java,com.thealgorithms.greedyalgorithms,MinimizingLateness,0,44,0,2,0,7,0,3,0,2
Java,com.thealgorithms.greedyalgorithms,DigitSeparation,0,43,0,4,0,12,0,5,0,3
Java,com.thealgorithms.greedyalgorithms,GaleShapley,12,65,4,8,4,16,4,3,0,1
Java,com.thealgorithms.greedyalgorithms,OptimalFileMerging,0,57,0,4,0,12,0,3,0,1
Java,com.thealgorithms.greedyalgorithms,ActivitySelection,0,95,0,6,0,15,0,5,0,2
Java,com.thealgorithms.greedyalgorithms,JobSequencing,0,88,1,11,0,17,1,6,0,1
Java,com.thealgorithms.greedyalgorithms,BandwidthAllocation,0,95,1,5,0,15,1,4,0,2
Java,com.thealgorithms.greedyalgorithms,StockProfitCalculator,2,39,2,4,1,7,2,2,0,1
Java,com.thealgorithms.greedyalgorithms,FractionalKnapsack,0,98,0,6,0,15,0,5,0,2
Java,com.thealgorithms.greedyalgorithms,MinimizingLateness.Job,38,18,0,0,2,7,2,1,2,1
Java,com.thealgorithms.greedyalgorithms,EgyptianFraction,0,32,0,2,0,8,0,2,0,1
Java,com.thealgorithms.greedyalgorithms,BinaryAddition,0,123,0,20,0,29,0,14,0,4
Java,com.thealgorithms.greedyalgorithms,KCenters,0,114,1,15,0,19,1,8,0,1
Java,com.thealgorithms.greedyalgorithms,JobSequencing.Job,0,18,0,0,0,6,0,2,0,2
Java,com.thealgorithms.greedyalgorithms,CoinChange,0,91,0,6,0,9,0,4,0,1
Java,com.thealgorithms.greedyalgorithms,MergeIntervals,0,81,0,6,0,7,0,5,0,2
Java,com.thealgorithms.conversions,BinaryToDecimal,0,44,0,4,0,10,0,3,0,1
Java,com.thealgorithms.conversions,RomanToInteger.new HashMap() {...},0,52,0,0,0,9,0,1,0,1
Java,com.thealgorithms.conversions,AffineConverter,0,75,1,5,0,13,1,7,0,5
Java,com.thealgorithms.conversions,EndianConverter,0,6,0,0,0,2,0,2,0,2
Java,com.thealgorithms.conversions,TurkishToLatinConversion,0,123,0,2,0,5,0,2,0,1
Java,com.thealgorithms.conversions,AnyBaseToDecimal,6,53,1,7,1,13,1,5,0,2
Java,com.thealgorithms.conversions,BinaryToHexadecimal,0,102,0,12,0,19,0,8,0,2
Java,com.thealgorithms.conversions,PhoneticAlphabetConverter,0,263,0,4,0,44,0,4,0,2
Java,com.thealgorithms.conversions,DecimalToAnyBase,0,76,1,13,0,15,1,8,0,2
Java,com.thealgorithms.conversions,IntegerToEnglish,0,396,3,21,0,41,3,12,0,3
Java,com.thealgorithms.conversions,RgbHsvConversion,906,0,104,0,83,0,59,0,7,0
Java,com.thealgorithms.conversions,HexaDecimalToBinary,36,0,2,0,10,0,4,0,3,0
Java,com.thealgorithms.conversions,UnitsConverter,0,226,0,16,0,46,0,18,0,10
Java,com.thealgorithms.conversions,HexToOct,0,64,0,4,0,19,0,5,0,3
Java,com.thealgorithms.conversions,AnytoAny,0,75,2,10,0,18,2,7,0,3
Java,com.thealgorithms.conversions,IPv6Converter,27,94,8,12,4,23,6,7,0,3
Java,com.thealgorithms.conversions,DecimalToHexadecimal,2,127,2,10,1,12,2,7,0,3
Java,com.thealgorithms.conversions,UnitConversions,0,68,0,0,0,2,0,1,0,1
Java,com.thealgorithms.conversions,AnyBaseToAnyBase,345,0,28,0,49,0,17,0,3,0
Java,com.thealgorithms.conversions,RomanToInteger,0,63,0,6,0,14,0,7,0,4
Java,com.thealgorithms.conversions,OctalToHexadecimal,0,77,2,12,0,19,2,7,0,2
Java,com.thealgorithms.conversions,HexaDecimalToDecimal,0,40,0,4,0,9,0,3,0,1
Java,com.thealgorithms.conversions,BinaryToOctal,0,62,0,10,0,17,0,6,0,1
Java,com.thealgorithms.conversions,MorseCodeConverter,4,288,1,11,1,45,1,9,0,4
Java,com.thealgorithms.conversions,OctalToDecimal,0,47,2,8,0,10,2,4,0,1
Java,com.thealgorithms.conversions,IPConverter,0,135,0,8,0,14,0,7,0,3
Java,com.thealgorithms.conversions,IntegerToRoman,0,154,0,4,0,10,0,4,0,2
Java,com.thealgorithms.conversions,DecimalToOctal,0,34,0,4,0,11,0,3,0,1
Java,com.thealgorithms.conversions,OctalToBinary,0,59,0,4,0,19,0,4,0,2
Java,com.thealgorithms.conversions,DecimalToBinary,0,54,0,4,0,18,0,4,0,2
Java,com.thealgorithms.geometry,GrahamScan,5,121,5,9,1,21,5,4,0,2
Java,com.thealgorithms.geometry,ConvexHull,0,272,0,38,0,55,0,23,0,4
Java,com.thealgorithms.geometry,BresenhamLine,0,77,0,12,0,18,0,7,0,1
Java,com.thealgorithms.geometry,Point,0,73,0,2,0,6,0,6,0,5
Java,com.thealgorithms.geometry,MidpointCircle,0,209,0,6,0,25,0,5,0,2
Java,com.thealgorithms.geometry,MidpointEllipse,0,369,0,20,0,48,0,13,0,3
Java,com.thealgorithms.geometry,Point.PolarOrder,10,51,7,5,3,9,6,2,0,2
Java,com.thealgorithms.matrixexponentiation,Fibonacci,201,0,12,0,29,0,10,0,4,0
Java,com.thealgorithms.strings,RabinKarp,146,0,16,0,32,0,11,0,3,0
Java,com.thealgorithms.strings,Manacher,0,150,0,14,0,27,0,9,0,2
Java,com.thealgorithms.strings,CountWords,0,55,0,12,0,11,0,9,0,3
Java,com.thealgorithms.strings,KMP,117,0,18,0,28,0,12,0,3,0
Java,com.thealgorithms.strings,AhoCorasick.Trie,0,345,0,36,0,67,0,25,0,7
Java,com.thealgorithms.strings,ReverseStringRecursive,0,14,0,2,0,3,0,2,0,1
Java,com.thealgorithms.strings,Alphabetical,41,32,10,6,6,6,6,5,1,2
Java,com.thealgorithms.strings,ValidParentheses,12,121,9,22,3,22,9,10,0,2
Java,com.thealgorithms.strings,PermuteString,0,69,0,4,0,15,0,5,0,3
Java,com.thealgorithms.strings,StringMatchFiniteAutomata.FiniteAutomata,0,22,0,0,0,7,0,3,0,3
Java,com.thealgorithms.strings,MyAtoi,0,86,0,22,0,23,0,12,0,1
Java,com.thealgorithms.strings,Isomorphic,73,0,10,0,13,0,6,0,1,0
Java,com.thealgorithms.strings,StringMatchFiniteAutomata,0,135,0,22,0,26,0,14,0,3
Java,com.thealgorithms.strings,HorspoolSearch,0,162,0,20,0,37,0,19,0,9
Java,com.thealgorithms.strings,CountChar,0,10,0,2,0,3,0,2,0,1
Java,com.thealgorithms.strings,Upper,49,39,6,8,5,7,5,5,1,2
Java,com.thealgorithms.strings,CheckVowels,0,47,1,7,0,7,1,5,0,2
Java,com.thealgorithms.strings,CheckAnagrams,4,261,3,27,2,41,3,16,0,4
Java,com.thealgorithms.strings,ReverseWordsInString,0,12,0,0,0,3,0,1,0,1
Java,com.thealgorithms.strings,LongestCommonPrefix,0,47,1,9,0,10,1,6,0,2
Java,com.thealgorithms.strings,AhoCorasick,0,44,0,2,0,9,0,3,0,2
Java,com.thealgorithms.strings,WordLadder,0,103,0,16,0,26,0,9,0,1
Java,com.thealgorithms.strings,StringCompression,0,118,0,16,0,21,0,10,0,2
Java,com.thealgorithms.strings,LetterCombinationsOfPhoneNumber,0,131,0,14,0,17,0,10,0,3
Java,com.thealgorithms.strings,Rotation,72,10,6,0,17,2,6,2,3,2
Java,com.thealgorithms.strings,ReturnSubsequence,0,51,0,4,0,8,0,3,0,1
Java,com.thealgorithms.strings,Anagrams,11,298,7,31,5,42,7,18,0,6
Java,com.thealgorithms.strings,Pangram,35,125,10,22,6,22,7,14,1,4
Java,com.thealgorithms.strings,LongestNonRepetitiveSubstring,0,59,1,5,0,10,1,3,0,1
Java,com.thealgorithms.strings,Palindrome,4,76,2,18,2,10,2,11,0,3
Java,com.thealgorithms.strings,Lower,47,34,4,6,4,6,3,5,1,2
Java,com.thealgorithms.strings,CharactersSame,0,26,0,6,0,7,0,4,0,1
Java,com.thealgorithms.strings,HammingDistance,0,39,0,10,0,9,0,6,0,1
Java,com.thealgorithms.strings,AhoCorasick.Node,0,41,0,0,0,16,0,8,0,8
Java,com.thealgorithms.strings,ReverseString,0,49,1,5,0,9,1,4,0,2
Java,com.thealgorithms.strings,AhoCorasick.PatternPositionRecorder,0,40,0,4,0,8,0,4,0,2
Java,com.thealgorithms.strings,LongestPalindromicSubstring,0,77,0,16,0,13,0,10,0,2
Java,com.thealgorithms.datastructures.queues,GenericArrayListQueue,0,35,0,4,0,6,0,7,0,5
Java,com.thealgorithms.datastructures.queues,Deque.DequeNode,0,12,0,0,0,5,0,1,0,1
Java,com.thealgorithms.datastructures.queues,LinkedQueue.new Iterator() {...},0,36,0,4,0,8,0,5,0,3
Java,com.thealgorithms.datastructures.queues,Queue,4,189,0,18,2,41,1,18,1,9
Java,com.thealgorithms.datastructures.queues,TokenBucket,0,59,0,2,0,16,0,4,0,3
Java,com.thealgorithms.datastructures.queues,Deque,112,207,10,20,28,51,7,19,1,10
Java,com.thealgorithms.datastructures.queues,CircularQueue,5,150,1,15,1,37,1,15,0,8
Java,com.thealgorithms.datastructures.queues,LinkedQueue,0,192,0,26,0,52,0,24,0,11
Java,com.thealgorithms.datastructures.queues,LinkedQueue.Node,0,9,0,0,0,4,0,1,0,1
Java,com.thealgorithms.datastructures.queues,QueueByTwoStacks,20,56,2,6,4,13,2,7,1,4
Java,com.thealgorithms.datastructures.queues,PriorityQueue,29,204,3,17,9,39,4,16,1,9
Java,com.thealgorithms.datastructures.queues,SlidingWindowMaximum,0,87,0,16,0,14,0,9,0,1
Java,com.thealgorithms.datastructures.graphs,WelshPowell.Graph,0,75,0,8,0,18,0,10,0,6
Java,com.thealgorithms.datastructures.graphs,Kruskal,0,158,1,9,0,24,1,9,0,5
Java,com.thealgorithms.datastructures.graphs,AdjacencyListGraph.Vertex,63,0,8,0,14,0,7,0,3,0
Java,com.thealgorithms.datastructures.graphs,HamiltonianCycle,2,190,1,21,1,32,1,14,0,4
Java,com.thealgorithms.datastructures.graphs,AdjacencyList,0,53,0,4,0,11,0,6,0,4
Java,com.thealgorithms.datastructures.graphs,EdmondsBlossomAlgorithm.BlossomData,0,15,0,0,0,6,0,1,0,1
Java,com.thealgorithms.datastructures.graphs,Cycles,9,0,0,0,4,0,1,0,1,0
Java,com.thealgorithms.datastructures.graphs,BoruvkaAlgorithm.Component,0,9,0,0,0,4,0,1,0,1
Java,com.thealgorithms.datastructures.graphs,FloydWarshall,0,150,0,16,0,23,0,12,0,4
Java,com.thealgorithms.datastructures.graphs,BoruvkaAlgorithm.Edge,0,12,0,0,0,5,0,1,0,1
Java,com.thealgorithms.datastructures.graphs,JohnsonsAlgorithm,0,445,0,52,0,64,0,32,0,6
Java,com.thealgorithms.datastructures.graphs,Graph,149,0,20,0,34,0,14,0,4,0
Java,com.thealgorithms.datastructures.graphs,BipartiteGraphDFS,0,89,0,16,0,18,0,10,0,2
Java,com.thealgorithms.datastructures.graphs,AStar.Edge,0,21,0,0,0,8,0,4,0,4
Java,com.thealgorithms.datastructures.graphs,Cycle,230,0,22,0,43,0,15,0,4,0
Java,com.thealgorithms.datastructures.graphs,MatrixGraphs,93,0,0,0,21,0,1,0,1,0
Java,com.thealgorithms.datastructures.graphs,AStar.PathAndDistance,0,21,0,0,0,8,0,4,0,4
Java,com.thealgorithms.datastructures.graphs,BellmanFord.Edge,12,0,0,0,5,0,1,0,1,0
Java,com.thealgorithms.datastructures.graphs,Graphs,105,0,16,0,12,0,10,0,2,0
Java,com.thealgorithms.datastructures.graphs,Kruskal.Edge,0,12,0,0,0,5,0,1,0,1
Java,com.thealgorithms.datastructures.graphs,FordFulkerson,0,148,0,16,0,28,0,9,0,1
Java,com.thealgorithms.datastructures.graphs,Kosaraju,0,211,0,22,0,44,0,18,0,7
Java,com.thealgorithms.datastructures.graphs,AdjacencyListGraph,165,0,24,0,42,0,16,0,4,0
Java,com.thealgorithms.datastructures.graphs,WelshPowell,0,220,0,20,0,28,0,26,0,16
Java,com.thealgorithms.datastructures.graphs,BellmanFord,453,0,44,0,81,0,29,0,7,0
Java,com.thealgorithms.datastructures.graphs,EdmondsBlossomAlgorithm,44,436,4,46,5,88,4,25,0,4
Java,com.thealgorithms.datastructures.graphs,DijkstraAlgorithm,0,155,1,23,0,29,1,15,0,4
Java,com.thealgorithms.datastructures.graphs,BoruvkaAlgorithm.BoruvkaState,0,160,0,22,0,29,0,16,0,5
Java,com.thealgorithms.datastructures.graphs,Graph.Edge,9,0,0,0,4,0,1,0,1,0
Java,com.thealgorithms.datastructures.graphs,DijkstraOptimizedAlgorithm,0,139,1,15,0,24,1,9,0,2
Java,com.thealgorithms.datastructures.graphs,KahnsAlgorithm,50,0,2,0,12,0,2,0,1,0
Java,com.thealgorithms.datastructures.graphs,Graph.Node,6,0,0,0,3,0,1,0,1,0
Java,com.thealgorithms.datastructures.graphs,BoruvkaAlgorithm,0,102,0,12,0,21,0,10,0,4
Java,com.thealgorithms.datastructures.graphs,BoruvkaAlgorithm.Graph,0,45,0,8,0,12,0,5,0,1
Java,com.thealgorithms.datastructures.graphs,AStar,0,156,0,14,0,20,0,10,0,3
Java,com.thealgorithms.datastructures.graphs,EdmondsBlossomAlgorithm.BlossomAuxData,0,21,0,0,0,8,0,1,0,1
Java,com.thealgorithms.datastructures.graphs,ConnectedComponent,115,0,0,0,21,0,1,0,1,0
Java,com.thealgorithms.datastructures.graphs,TopologicalSort,0,163,0,16,0,32,0,11,0,3
Java,com.thealgorithms.datastructures.graphs,TarjansAlgorithm,0,178,1,15,0,34,1,10,0,3
Java,com.thealgorithms.datastructures.graphs,AdjacencyMatrixGraph,2,365,6,48,1,78,6,37,0,16
Java,com.thealgorithms.datastructures.graphs,PrimMST,0,121,0,18,0,24,0,12,0,3
Java,com.thealgorithms.datastructures.graphs,AStar.Graph,0,63,0,2,0,9,0,4,0,3
Java,com.thealgorithms.datastructures.bags,Bag,0,64,0,6,0,18,0,9,0,6
Java,com.thealgorithms.datastructures.bags,Bag.ListIterator,5,27,1,3,1,8,1,4,0,3
Java,com.thealgorithms.slidingwindow,LongestSubstringWithoutRepeatingCharacters,0,49,0,4,0,10,0,3,0,1
Java,com.thealgorithms.slidingwindow,MaxSumKSizeSubarray,0,49,0,6,0,10,0,4,0,1
Java,com.thealgorithms.slidingwindow,LongestSubarrayWithSumLessOrEqualToK,0,44,1,5,0,10,1,3,0,1
Java,com.thealgorithms.slidingwindow,MinSumKSizeSubarray,0,49,0,6,0,10,0,4,0,1
Java,com.thealgorithms.ciphers.a5,CompositeLFSR,0,92,0,6,0,15,0,7,0,4
Java,com.thealgorithms.ciphers.a5,A5KeyStreamGenerator,7,169,0,4,2,27,1,10,1,8
Java,com.thealgorithms.ciphers.a5,A5Cipher,4,30,0,0,2,9,1,2,1,2
Java,com.thealgorithms.ciphers.a5,LFSR,0,148,0,6,0,31,0,14,0,11
Java,com.thealgorithms.ciphers.a5,Utils,2,24,2,4,1,6,2,2,0,1
Java,com.thealgorithms.datastructures.hashmap.hashing,GenericHashMapUsingArray,3,295,4,26,3,61,4,21,0,10
Java,com.thealgorithms.datastructures.hashmap.hashing,HashMap,6,146,2,14,0,29,2,14,0,8
Java,com.thealgorithms.datastructures.hashmap.hashing,MainCuckooHashing,107,0,8,0,35,0,8,0,1,0
Java,com.thealgorithms.datastructures.hashmap.hashing,GenericHashMapUsingArrayList,2,305,3,29,2,63,3,21,0,8
Java,com.thealgorithms.datastructures.hashmap.hashing,GenericHashMapUsingArray.Node,0,9,0,0,0,4,0,1,0,1
Java,com.thealgorithms.datastructures.hashmap.hashing,HashMap.Node,0,26,0,0,0,11,0,6,0,6
Java,com.thealgorithms.datastructures.hashmap.hashing,HashMap.LinkedList,9,169,11,33,1,38,9,21,0,8
Java,com.thealgorithms.datastructures.hashmap.hashing,HashMapCuckooHashing,122,395,21,41,27,78,18,26,1,12
Java,com.thealgorithms.datastructures.hashmap.hashing,GenericHashMapUsingArrayList.Node,0,9,0,0,0,4,0,1,0,1
Java,com.thealgorithms.datastructures.hashmap.hashing,Intersection,0,102,0,16,0,11,0,9,0,1
Java,com.thealgorithms.datastructures.hashmap.hashing,LinearProbingHashMap,15,297,3,33,1,63,3,25,0,10
Java,com.thealgorithms.datastructures.hashmap.hashing,Map,8,10,2,0,1,2,2,2,1,2
Java,com.thealgorithms.datastructures.hashmap.hashing,MajorityElement,0,61,0,6,0,9,0,4,0,1
Java,com.thealgorithms.bitmanipulation,IsPowerTwo,0,16,0,4,0,4,0,3,0,1
Java,com.thealgorithms.bitmanipulation,HigherLowerPowerOfTwo,4,44,2,2,2,10,2,2,0,2
Java,com.thealgorithms.bitmanipulation,BinaryPalindromeCheck,0,31,0,4,0,8,0,4,0,2
Java,com.thealgorithms.bitmanipulation,TwosComplement,0,83,0,14,0,15,0,8,0,1
Java,com.thealgorithms.bitmanipulation,HighestSetBit,0,27,0,6,0,9,0,4,0,1
Java,com.thealgorithms.bitmanipulation,BooleanAlgebraGates.ORGate,0,21,0,4,0,6,0,4,0,2
Java,com.thealgorithms.bitmanipulation,NextHigherSameBitCount,0,19,0,0,0,3,0,1,0,1
Java,com.thealgorithms.bitmanipulation,SingleBitOperations,0,26,0,0,0,4,0,4,0,4
Java,com.thealgorithms.bitmanipulation,IndexOfRightMostSetBit,0,31,0,6,0,10,0,4,0,1
Java,com.thealgorithms.bitmanipulation,FindNthBit,12,15,1,1,3,2,2,1,1,1
Java,com.thealgorithms.bitmanipulation,HammingDistance,0,7,0,0,0,2,0,1,0,1
Java,com.thealgorithms.bitmanipulation,ParityCheck,0,23,0,4,0,5,0,3,0,1
Java,com.thealgorithms.bitmanipulation,SingleElement,7,18,0,2,2,4,1,2,1,1
Java,com.thealgorithms.bitmanipulation,BooleanAlgebraGates.NORGate,0,13,0,2,0,2,0,3,0,2
Java,com.thealgorithms.bitmanipulation,GrayCodeConversion,0,21,0,2,0,6,0,3,0,2
Java,com.thealgorithms.bitmanipulation,ClearLeftmostSetBit,0,24,0,2,0,7,0,2,0,1
Java,com.thealgorithms.bitmanipulation,OnesComplement,0,29,0,4,0,6,0,3,0,1
Java,com.thealgorithms.bitmanipulation,BitSwap,0,19,0,2,0,3,0,2,0,1
Java,com.thealgorithms.bitmanipulation,CountLeadingZeros,0,20,0,4,0,8,0,3,0,1
Java,com.thealgorithms.bitmanipulation,BooleanAlgebraGates.NOTGate,0,9,0,2,0,2,0,3,0,2
Java,com.thealgorithms.bitmanipulation,NumbersDifferentSigns,0,8,0,2,0,1,0,2,0,1
Java,com.thealgorithms.bitmanipulation,ModuloPowerOfTwo,0,15,0,2,0,3,0,2,0,1
Java,com.thealgorithms.bitmanipulation,OneBitDifference,0,19,0,4,0,4,0,3,0,1
Java,com.thealgorithms.bitmanipulation,BooleanAlgebraGates.ANDGate,0,21,0,4,0,6,0,4,0,2
Java,com.thealgorithms.bitmanipulation,GenerateSubsets,0,46,0,6,0,9,0,4,0,1
Java,com.thealgorithms.bitmanipulation,BooleanAlgebraGates.XORGate,0,23,0,2,0,6,0,3,0,2
Java,com.thealgorithms.bitmanipulation,BooleanAlgebraGates.NANDGate,0,13,0,2,0,2,0,3,0,2
Java,com.thealgorithms.bitmanipulation,LowestSetBit,0,11,0,0,0,2,0,2,0,2
Java,com.thealgorithms.bitmanipulation,SwapAdjacentBits,0,20,0,0,0,5,0,1,0,1
Java,com.thealgorithms.bitmanipulation,NonRepeatingNumberFinder,0,24,0,2,0,4,0,2,0,1
Java,com.thealgorithms.bitmanipulation,NumberAppearingOddTimes,0,24,0,2,0,4,0,2,0,1
Java,com.thealgorithms.bitmanipulation,CountSetBits,0,71,0,6,0,15,0,6,0,3
Java,com.thealgorithms.bitmanipulation,Xs3Conversion,0,57,0,4,0,18,0,4,0,2
Java,com.thealgorithms.bitmanipulation,BcdConversion,0,73,1,9,0,22,1,6,0,2
Java,com.thealgorithms.bitmanipulation,ReverseBits,0,27,0,2,0,7,0,2,0,1
Java,com.thealgorithms.bitmanipulation,FirstDifferentBit,0,7,0,0,0,2,0,1,0,1
Java,com.thealgorithms.bitmanipulation,IsEven,0,8,0,2,0,1,0,2,0,1
Java,com.thealgorithms.datastructures.caches,LFUCache.Node,0,12,0,0,0,5,0,1,0,1
Java,com.thealgorithms.datastructures.caches,LFUCache,4,206,2,22,2,59,3,15,1,5
Java,com.thealgorithms.datastructures.caches,MRUCache,31,190,5,19,8,60,6,15,1,8
Java,com.thealgorithms.datastructures.caches,LRUCache.Entry,15,31,0,0,6,14,1,9,1,9
Java,com.thealgorithms.datastructures.caches,LRUCache,32,189,4,18,7,59,5,15,1,8
Java,com.thealgorithms.datastructures.caches,MRUCache.Entry,15,31,0,0,6,14,1,9,1,9
Java,com.thealgorithms.divideandconquer,MedianOfTwoSortedArrays,10,113,3,17,2,20,3,8,0,1
Java,com.thealgorithms.divideandconquer,BinaryExponentiation,0,60,0,8,0,14,0,7,0,3
Java,com.thealgorithms.divideandconquer,ClosestPair.Location,0,9,0,0,0,4,0,1,0,1
Java,com.thealgorithms.divideandconquer,StrassenMatrixMultiplication,0,433,0,18,0,57,0,15,0,6
Java,com.thealgorithms.divideandconquer,ClosestPair,528,209,41,11,90,51,27,12,5,8
Java,com.thealgorithms.divideandconquer,SkylineAlgorithm.XComparator,0,9,0,0,0,2,0,2,0,2
Java,com.thealgorithms.divideandconquer,SkylineAlgorithm.Point,0,39,2,6,0,7,2,6,0,4
Java,com.thealgorithms.divideandconquer,TilingProblem,59,151,10,8,5,20,8,4,0,3
Java,com.thealgorithms.divideandconquer,SkylineAlgorithm,24,179,6,22,4,34,6,12,1,3
Java,com.thealgorithms.divideandconquer,CountingInversions,0,160,0,12,0,27,0,9,0,3
Java,com.thealgorithms.datastructures.stacks,NodeStack.Node,0,9,0,0,0,4,0,1,0,1
Java,com.thealgorithms.datastructures.stacks,Node,0,9,0,0,0,4,0,1,0,1
Java,com.thealgorithms.datastructures.stacks,StackArrayList,0,48,0,4,0,15,0,9,0,7
Java,com.thealgorithms.datastructures.stacks,LinkedListStack,7,111,0,8,3,28,1,11,1,7
Java,com.thealgorithms.datastructures.stacks,NodeStack,0,76,0,6,0,20,0,9,0,6
Java,com.thealgorithms.datastructures.stacks,StackArray,6,179,1,19,1,39,1,20,0,11
Java,com.thealgorithms.datastructures.stacks,ReverseStack,0,38,0,4,0,13,0,4,0,2
Java,com.thealgorithms.misc,Sparsity,0,51,1,9,0,8,1,5,0,1
Java,com.thealgorithms.misc,ShuffleArray,0,34,0,2,0,7,0,2,0,1
Java,com.thealgorithms.misc,MedianOfRunningArrayDouble,0,12,0,0,0,2,0,2,0,2
Java,com.thealgorithms.misc,InverseOfMatrix,0,351,0,32,0,47,0,18,0,2
Java,com.thealgorithms.misc,MatrixTranspose,0,48,0,8,0,9,0,5,0,1
Java,com.thealgorithms.misc,ThreeSumProblem,0,293,0,26,0,52,0,17,0,4
Java,com.thealgorithms.misc,MedianOfRunningArrayFloat,0,12,0,0,0,2,0,2,0,2
Java,com.thealgorithms.misc,TwoSumProblem,0,51,0,6,0,8,0,4,0,1
Java,com.thealgorithms.misc,PalindromePrime,0,91,1,19,0,27,1,12,0,3
Java,com.thealgorithms.misc,MapReduce,0,46,1,1,0,7,1,2,0,2
Java,com.thealgorithms.misc,MedianOfRunningArray,0,124,0,16,0,19,0,11,0,3
Java,com.thealgorithms.misc,PalindromeSinglyLinkedList,0,103,0,22,0,32,0,13,0,2
Java,com.thealgorithms.misc,MedianOfMatrix,0,36,0,2,0,7,0,2,0,1
Java,com.thealgorithms.misc,ColorContrastRatio,8,75,1,3,1,12,1,6,0,5
Java,com.thealgorithms.misc,Trie,0,62,0,4,0,14,0,4,0,2
Java,com.thealgorithms.misc,MedianOfRunningArrayLong,0,12,0,0,0,2,0,2,0,2
Java,com.thealgorithms.misc,RangeInSortedArray,94,153,17,21,15,32,10,14,1,4
Java,com.thealgorithms.misc,PalindromeSinglyLinkedList.Node,0,9,0,0,0,4,0,1,0,1
Java,com.thealgorithms.misc,TrieNode,0,11,0,0,0,3,0,1,0,1
Java,com.thealgorithms.misc,WordBoggle,0,348,0,38,0,42,0,22,0,3
Java,com.thealgorithms.misc,MirrorOfMatrix,0,89,0,12,0,19,0,9,0,3
Java,com.thealgorithms.misc,MedianOfRunningArrayInteger,0,12,0,0,0,2,0,2,0,2
Java,com.thealgorithms.misc,MedianOfRunningArrayByte,0,13,0,0,0,2,0,2,0,2
Java,com.thealgorithms.ciphers,AESEncryption,32,96,0,2,9,18,1,6,1,5
Java,com.thealgorithms.ciphers,RSA,0,122,0,6,0,21,0,9,0,6
Java,com.thealgorithms.ciphers,AtbashCipher,10,83,2,12,5,13,5,9,3,4
Java,com.thealgorithms.ciphers,Blowfish,0,4565,0,14,0,68,0,17,0,10
Java,com.thealgorithms.ciphers,XORCipher,0,81,0,6,0,17,0,7,0,4
Java,com.thealgorithms.ciphers,DiffieHellman,10,47,8,8,2,9,8,3,0,3
Java,com.thealgorithms.ciphers,Vigenere,0,161,0,16,0,27,0,11,0,3
Java,com.thealgorithms.ciphers,Caesar,4,180,2,28,0,33,2,19,0,6
Java,com.thealgorithms.ciphers,ADFGVXCipher,6,560,3,27,1,53,3,18,0,6
Java,com.thealgorithms.ciphers,AES,10413,0,33,0,172,0,32,0,15,0
Java,com.thealgorithms.ciphers,ColumnarTranspositionCipher,62,321,7,31,11,53,6,23,1,9
Java,com.thealgorithms.ciphers,BaconianCipher,6,245,1,7,1,23,1,7,0,4
Java,com.thealgorithms.ciphers,ProductCipher,194,0,16,0,44,0,9,0,1,0
Java,com.thealgorithms.ciphers,MonoAlphabetic,17,82,2,6,4,14,3,6,1,4
Java,com.thealgorithms.ciphers,RailFenceCipher,0,239,0,46,0,62,0,26,0,3
Java,com.thealgorithms.ciphers,ECC,0,156,0,0,0,26,0,8,0,8
Java,com.thealgorithms.ciphers,ECC.ECPoint,10,158,4,10,2,25,4,10,1,6
Java,com.thealgorithms.ciphers,SimpleSubCipher,0,175,0,12,0,29,0,9,0,3
Java,com.thealgorithms.ciphers,HillCipher,13,304,3,29,3,56,3,18,0,5
Java,com.thealgorithms.ciphers,ECC.EllipticCurve,0,75,0,0,0,20,0,9,0,9
Java,com.thealgorithms.ciphers,Autokey,0,122,0,4,0,23,0,5,0,3
Java,com.thealgorithms.ciphers,DES,20,4198,3,37,6,118,5,30,2,13
Java,com.thealgorithms.ciphers,Polybius,0,240,0,10,0,21,0,9,0,4
Java,com.thealgorithms.ciphers,AffineCipher,16,115,0,12,5,19,1,9,1,3
Java,com.thealgorithms.ciphers,PlayfairCipher,89,372,8,28,12,70,7,19,1,7
Java,com.thealgorithms.others,CRC16,5,74,0,10,2,12,1,6,1,1
Java,com.thealgorithms.others,SkylineProblem.Skyline,0,9,0,0,0,4,0,1,0,1
Java,com.thealgorithms.others,FirstFitCPU,0,61,0,8,0,12,0,7,0,3
Java,com.thealgorithms.others,Conway,0,49,0,2,0,10,0,5,0,4
Java,com.thealgorithms.others,CRC32,56,0,6,0,11,0,6,0,3,0
Java,com.thealgorithms.others,GaussLegendre,101,0,4,0,20,0,5,0,3,0
Java,com.thealgorithms.others,Dijkstra,97,0,0,0,5,0,2,0,2,0
Java,com.thealgorithms.others,LineSweep,0,107,1,9,0,17,1,7,0,3
Java,com.thealgorithms.others,MyComparator,9,0,0,0,2,0,2,0,2,0
Java,com.thealgorithms.others,PerlinNoise,354,0,28,0,66,0,18,0,4,0
Java,com.thealgorithms.others,RotateMatrixBy90Degrees,77,0,10,0,18,0,7,0,2,0
Java,com.thealgorithms.others,Luhn.CreditCard,103,0,12,0,18,0,12,0,6,0
Java,com.thealgorithms.others,HappyNumbersSeq,102,0,8,0,17,0,8,0,4,0
Java,com.thealgorithms.others,WorstFitCPU,0,76,0,10,0,17,0,8,0,3
Java,com.thealgorithms.others,Luhn,242,0,10,0,33,0,9,0,4,0
Java,com.thealgorithms.others,MemoryManagementAlgorithms,0,3,0,0,0,1,0,1,0,1
Java,com.thealgorithms.others,Rotate,84,0,10,0,17,0,6,0,1,0
Java,com.thealgorithms.others,SkylineProblem,0,238,0,20,0,45,0,14,0,4
Java,com.thealgorithms.others,BrianKernighanAlgorithm,31,0,2,0,11,0,3,0,2,0
Java,com.thealgorithms.others,BoyerMoore,0,93,1,17,0,20,1,12,0,4
Java,com.thealgorithms.others,Trieac.TrieNode,7,0,0,0,2,0,1,0,1,0
Java,com.thealgorithms.others,Graph,257,0,28,0,47,0,19,0,5,0
Java,com.thealgorithms.others,BFPRT,3,324,4,34,2,54,4,24,0,9
Java,com.thealgorithms.others,ArrayRightRotation,5,55,3,5,1,15,3,3,0,2
Java,com.thealgorithms.others,ReverseStackUsingRecursion,0,44,0,6,0,13,0,5,0,2
Java,com.thealgorithms.others,LinearCongruentialGenerator,60,0,2,0,14,0,5,0,4,0
Java,com.thealgorithms.others,TowerOfHanoi,0,39,0,2,0,5,0,2,0,1
Java,com.thealgorithms.others,Trieac,250,0,40,0,67,0,28,0,8,0
Java,com.thealgorithms.others,BestFitCPU,0,105,0,14,0,20,0,11,0,4
Java,com.thealgorithms.others,Mandelbrot,371,0,34,0,57,0,25,0,6,0
Java,com.thealgorithms.others,CRCAlgorithm,187,143,34,14,31,33,24,9,4,5
Java,com.thealgorithms.others,RemoveDuplicateFromString,0,41,0,8,0,7,0,5,0,1
Java,com.thealgorithms.others,PasswordGen,0,72,1,9,0,11,1,5,0,1
Java,com.thealgorithms.others,ArrayLeftRotation,0,43,0,8,0,10,0,5,0,1
Java,com.thealgorithms.others,KochSnowflake,467,0,32,0,69,0,22,0,6,0
Java,com.thealgorithms.others,MiniMaxAlgorithm,202,0,22,0,36,0,19,0,8,0
Java,com.thealgorithms.others,LowestBasePalindrome,0,102,0,16,0,30,0,14,0,6
Java,com.thealgorithms.others,FloydTriangle,0,36,0,4,0,8,0,3,0,1
Java,com.thealgorithms.others,MaximumSumOfDistinctSubarraysWithLengthK,0,134,0,20,0,26,0,11,0,1
Java,com.thealgorithms.others,PrintAMatrixInSpiralOrder,0,102,1,15,0,20,1,9,0,2
Java,com.thealgorithms.others,Graph.Edge,12,0,0,0,5,0,1,0,1,0
Java,com.thealgorithms.others,Verhoeff,1018,0,10,0,41,0,14,0,9,0
Java,com.thealgorithms.others,Damm,587,0,10,0,33,0,14,0,9,0
Java,com.thealgorithms.others,Krishnamurthy,61,0,6,0,18,0,5,0,2,0
Java,com.thealgorithms.others,Graph.Vertex,219,0,38,0,37,0,25,0,6,0
Java,com.thealgorithms.others,QueueUsingTwoStacks,0,83,1,11,0,18,1,13,0,8
Java,com.thealgorithms.others,TwoPointers,0,32,0,6,0,11,0,4,0,1
Java,com.thealgorithms.others,PageRank,295,0,30,0,51,0,18,0,3,0
Java,com.thealgorithms.others,Sudoku,427,154,8,30,14,35,6,17,2,2
Java,com.thealgorithms.others,SkylineProblem.Building,0,12,0,0,0,5,0,1,0,1
Java,com.thealgorithms.others,InsertDeleteInArray,127,0,12,0,27,0,7,0,1,0
Java,com.thealgorithms.others,MaximumSlidingWindow,0,93,2,18,0,14,2,10,0,2
Java,com.thealgorithms.others,NextFit,0,93,0,10,0,17,0,8,0,3
Java,com.thealgorithms.others,BankersAlgorithm,285,0,34,0,62,0,20,0,3,0
Java,com.thealgorithms.others,HuffmanNode,3,0,0,0,1,0,1,0,1,0
Java,com.thealgorithms.others,Huffman,181,0,10,0,35,0,7,0,2,0
Java,com.thealgorithms.others,KochSnowflake.Vector2,116,0,0,0,20,0,6,0,6,0
Java,com.thealgorithms.datastructures.disjointsetunion,Node,0,9,0,0,0,4,0,1,0,1
Java,com.thealgorithms.datastructures.disjointsetunion,DisjointSetUnion,0,58,0,8,0,16,0,8,0,4
Java,com.thealgorithms.maths,Ceil,0,28,0,4,0,5,0,3,0,1
Java,com.thealgorithms.maths,AbsoluteMin,0,40,0,4,0,5,0,5,0,3
Java,com.thealgorithms.maths,KeithNumber,86,0,10,0,24,0,7,0,2,0
Java,com.thealgorithms.maths,SquareFreeInteger,0,22,0,4,0,4,0,3,0,1
Java,com.thealgorithms.maths,Gaussian,0,230,0,20,0,29,0,13,0,3
Java,com.thealgorithms.maths,GCD,0,56,0,12,0,14,0,8,0,2
Java,com.thealgorithms.maths,MinValue,0,7,0,2,0,1,0,2,0,1
Java,com.thealgorithms.maths,LeastCommonMultiple,0,34,0,8,0,12,0,5,0,1
Java,com.thealgorithms.maths,LinearDiophantineEquationsSolver.GcdSolutionWrapper,77,0,10,0,18,0,13,0,8,0
Java,com.thealgorithms.maths,FastInverseSqrt,52,39,5,1,9,7,4,1,1,1
Java,com.thealgorithms.maths,Mode,0,95,0,10,0,14,0,7,0,2
Java,com.thealgorithms.maths,VampireNumber,143,0,18,0,30,0,13,0,4,0
Java,com.thealgorithms.maths,MillerRabinPrimalityCheck,16,284,7,29,3,48,5,18,0,5
Java,com.thealgorithms.maths,JugglerSequence,58,0,4,0,15,0,4,0,2,0
Java,com.thealgorithms.maths,FastExponentiation,0,53,0,8,0,12,0,5,0,1
Java,com.thealgorithms.maths,AmicableNumber,0,89,1,23,0,16,1,14,0,3
Java,com.thealgorithms.maths,PollardRho,0,45,0,4,0,11,0,4,0,2
Java,com.thealgorithms.maths,NthUglyNumber,0,158,0,14,0,28,0,13,0,6
Java,com.thealgorithms.maths,ComplexNumber,0,21,0,0,0,8,0,2,0,2
Java,com.thealgorithms.maths,PronicNumber,0,41,1,9,0,8,1,6,0,2
Java,com.thealgorithms.maths,NonRepeatingElement,5,76,1,7,1,12,1,4,0,1
Java,com.thealgorithms.maths,QuadraticEquationSolver,3,108,1,5,1,10,1,4,0,2
Java,com.thealgorithms.maths,Convolution,0,58,0,6,0,8,0,4,0,1
Java,com.thealgorithms.maths,MobiusFunction,0,45,0,14,0,11,0,8,0,1
Java,com.thealgorithms.maths,SimpsonIntegration,153,0,12,0,31,0,10,0,4,0
Java,com.thealgorithms.maths,EulerMethod,177,96,6,8,16,20,10,7,7,3
Java,com.thealgorithms.maths,KrishnamurthyNumber,0,41,0,8,0,12,0,5,0,1
Java,com.thealgorithms.maths,DigitalRoot,0,25,0,4,0,6,0,4,0,2
Java,com.thealgorithms.maths,BinomialCoefficient,2,24,1,5,1,4,1,3,0,1
Java,com.thealgorithms.maths,StandardDeviation,0,51,0,4,0,9,0,3,0,1
Java,com.thealgorithms.maths,SquareRootWithNewtonRaphsonMethod,33,0,2,0,6,0,2,0,1,0
Java,com.thealgorithms.maths,Average,17,68,4,8,4,10,5,4,1,2
Java,com.thealgorithms.maths,AutoCorrelation,0,4,0,0,0,1,0,1,0,1
Java,com.thealgorithms.maths,ADTFraction,0,99,0,2,0,14,0,8,0,7
Java,com.thealgorithms.maths,DeterminantOfMatrix,0,95,0,12,0,20,0,7,0,1
Java,com.thealgorithms.maths,MaxValue,1,6,1,1,0,1,1,1,0,1
Java,com.thealgorithms.maths,PowerOfTwoOrNot,0,12,0,4,0,1,0,3,0,1
Java,com.thealgorithms.maths,FindMin,0,31,0,6,0,7,0,4,0,1
Java,com.thealgorithms.maths,HeronsFormula,0,76,0,16,0,6,0,11,0,3
Java,com.thealgorithms.maths,FindMaxRecursion,0,45,0,4,0,9,0,4,0,2
Java,com.thealgorithms.maths,PrimeCheck,104,34,10,10,23,8,8,6,3,1
Java,com.thealgorithms.maths,FibonacciLoop,0,35,0,6,0,11,0,4,0,1
Java,com.thealgorithms.maths,SumOfDigits,0,55,0,4,0,11,0,6,0,4
Java,com.thealgorithms.maths,HarshadNumber,0,82,0,12,0,15,0,8,0,2
Java,com.thealgorithms.maths,FFTBluestein,197,0,14,0,24,0,8,0,1,0
Java,com.thealgorithms.maths,RomanNumeralUtil,207,0,4,0,7,0,4,0,2,0
Java,com.thealgorithms.maths,AbsoluteValue,0,7,0,2,0,1,0,2,0,1
Java,com.thealgorithms.maths,AliquotSum,2,82,1,9,1,12,1,9,0,5
Java,com.thealgorithms.maths,SolovayStrassenPrimalityTest,0,201,0,32,0,43,0,21,0,5
Java,com.thealgorithms.maths,SquareRootWithBabylonianMethod,0,26,0,2,0,7,0,2,0,1
Java,com.thealgorithms.maths,EulersFunction,0,51,0,10,0,13,0,7,0,2
Java,com.thealgorithms.maths,NumberOfDigits,0,48,0,8,0,8,0,8,0,4
Java,com.thealgorithms.maths,SecondMinMax,0,98,0,16,0,19,0,15,0,7
Java,com.thealgorithms.maths,StandardScore,0,6,0,0,0,1,0,1,0,1
Java,com.thealgorithms.maths,FindMax,0,32,0,6,0,8,0,4,0,1
Java,com.thealgorithms.maths,SumOfArithmeticSeries,0,23,0,2,0,3,0,2,0,1
Java,com.thealgorithms.maths,MatrixRank,0,281,0,42,0,55,0,30,0,9
Java,com.thealgorithms.maths,PascalTriangle,0,54,0,8,0,7,0,5,0,1
Java,com.thealgorithms.maths,FactorialRecursion,0,22,0,6,0,3,0,4,0,1
Java,com.thealgorithms.maths,AliquotSum.new Object() {...},0,6,0,0,0,1,0,1,0,1
Java,com.thealgorithms.maths,PerfectCube,0,34,0,4,0,5,0,4,0,2
Java,com.thealgorithms.maths,Pow,0,23,0,4,0,6,0,3,0,1
Java,com.thealgorithms.maths,FibonacciNumberGoldenRation,0,51,0,6,0,11,0,4,0,1
Java,com.thealgorithms.maths,GCDRecursion,20,29,0,10,4,7,1,6,1,1
Java,com.thealgorithms.maths,ParseInteger,0,89,0,18,0,17,0,13,0,4
Java,com.thealgorithms.maths,DistanceFormula,4,97,2,6,2,17,2,6,0,4
Java,com.thealgorithms.maths,FindMinRecursion,0,45,0,4,0,9,0,4,0,2
Java,com.thealgorithms.maths,Floor,0,28,0,4,0,5,0,3,0,1
Java,com.thealgorithms.maths,SieveOfEratosthenes,0,107,0,14,0,23,0,13,0,6
Java,com.thealgorithms.maths,PythagoreanTriple,61,24,14,6,7,4,9,4,1,2
Java,com.thealgorithms.maths,GenericRoot,4,35,1,7,0,10,1,6,0,3
Java,com.thealgorithms.maths,KaratsubaMultiplication,0,74,0,4,0,15,0,3,0,1
Java,com.thealgorithms.maths,ConvolutionFFT,0,81,0,6,0,16,0,5,0,2
Java,com.thealgorithms.maths,PerfectNumber,0,78,0,18,0,17,0,11,0,2
Java,com.thealgorithms.maths,LinearDiophantineEquationsSolver.Equation,12,0,0,0,1,0,1,0,1,0
Java,com.thealgorithms.maths,FFT.Complex,0,209,0,0,0,43,0,14,0,14
Java,com.thealgorithms.maths,FFT,0,235,0,26,0,44,0,19,0,6
Java,com.thealgorithms.maths,Armstrong,0,45,0,4,0,11,0,4,0,2
Java,com.thealgorithms.maths,PalindromeNumber,0,35,0,6,0,10,0,4,0,1
Java,com.thealgorithms.maths,PiNilakantha,95,0,14,0,16,0,10,0,3,0
Java,com.thealgorithms.maths,VectorCrossProduct,149,0,0,0,28,0,8,0,8,0
Java,com.thealgorithms.maths,TrinomialTriangle,78,0,14,0,15,0,10,0,3,0
Java,com.thealgorithms.maths,JosephusProblem,0,21,0,2,0,4,0,3,0,2
Java,com.thealgorithms.maths,CollatzConjecture,0,51,0,6,0,12,0,6,0,3
Java,com.thealgorithms.maths,Perimeter,0,44,0,2,0,7,0,5,0,4
Java,com.thealgorithms.maths,LeonardoNumber,0,25,0,6,0,5,0,4,0,1
Java,com.thealgorithms.maths,ReverseNumber,0,28,0,4,0,8,0,3,0,1
Java,com.thealgorithms.maths,SumWithoutArithmeticOperators,0,22,0,2,0,6,0,3,0,2
Java,com.thealgorithms.maths,Means,0,87,0,2,0,9,0,8,0,7
Java,com.thealgorithms.maths,ChineseRemainderTheorem,6,107,2,10,2,28,2,6,0,2
Java,com.thealgorithms.maths,FrizzyNumber,0,26,0,2,0,5,0,2,0,1
Java,com.thealgorithms.maths,CatalanNumbers,0,43,0,8,0,9,0,6,0,2
Java,com.thealgorithms.maths,LinearDiophantineEquationsSolver.Solution,89,0,10,0,20,0,14,0,9,0
Java,com.thealgorithms.maths,SieveOfEratosthenes.Type,0,15,0,0,0,3,0,1,0,1
Java,com.thealgorithms.maths,Combinations,15,58,4,10,3,9,4,6,0,3
Java,com.thealgorithms.maths,Median,0,33,0,2,0,3,0,2,0,1
Java,com.thealgorithms.maths,FindKthNumber,0,175,0,22,0,35,0,17,0,6
Java,com.thealgorithms.maths,PowerUsingRecursion,0,12,0,2,0,3,0,2,0,1
Java,com.thealgorithms.maths,MagicSquare,141,0,16,0,26,0,9,0,1,0
Java,com.thealgorithms.maths,Factorial,0,23,0,4,0,6,0,3,0,1
Java,com.thealgorithms.maths,PerfectSquare,0,30,0,4,0,4,0,4,0,2
Java,com.thealgorithms.maths,LucasSeries,0,41,0,6,0,8,0,5,0,2
Java,com.thealgorithms.maths,UniformNumbers,0,65,1,9,0,12,1,6,0,2
Java,com.thealgorithms.maths,BinaryPow,0,24,0,4,0,7,0,3,0,1
Java,com.thealgorithms.maths,KaprekarNumbers,5,122,1,13,1,20,1,8,0,2
Java,com.thealgorithms.maths,SumOfOddNumbers,0,11,0,2,0,3,0,2,0,1
Java,com.thealgorithms.maths,AbsoluteMax,0,35,1,7,0,7,1,4,0,1
Java,com.thealgorithms.maths,FibonacciNumberCheck,0,41,0,6,0,5,0,5,0,2
Java,com.thealgorithms.maths,PrimeFactorization,0,57,0,10,0,13,0,6,0,1
Java,com.thealgorithms.maths,FibonacciJavaStreams,4,85,3,13,0,9,4,9,1,4
Java,com.thealgorithms.maths,DudeneyNumber,0,31,0,6,0,6,0,4,0,1
Java,com.thealgorithms.maths,StrobogrammaticNumber,0,80,1,5,0,18,1,4,0,2
Java,com.thealgorithms.maths,Area,0,242,0,36,0,47,0,29,0,11
Java,com.thealgorithms.maths,CircularConvolutionFFT,70,0,6,0,15,0,5,0,2,0
Java,com.thealgorithms.maths,Volume,0,78,0,0,0,9,0,9,0,9
Java,com.thealgorithms.maths,AbsoluteMin.new Object() {...},0,12,0,0,0,1,0,1,0,1
Java,com.thealgorithms.maths,AutomorphicNumber,0,80,0,10,0,19,0,8,0,3
Java,com.thealgorithms.maths,LiouvilleLambdaFunction,0,17,0,4,0,3,0,3,0,1
Java,com.thealgorithms.maths,LongDivision,11,144,4,30,5,39,4,14,0,1
Java,com.thealgorithms.maths,CrossCorrelation,0,74,0,6,0,14,0,4,0,1
Java,com.thealgorithms.maths,TwinPrime,0,14,1,3,0,3,1,2,0,1
Java,com.thealgorithms.maths,LinearDiophantineEquationsSolver,143,0,10,0,23,0,8,0,3,0
Java,com.thealgorithms.maths,MatrixUtil,7,205,12,12,2,31,12,12,0,12
Java,com.thealgorithms.audiofilters,IIRFilter,0,197,0,14,0,31,0,10,0,3
Java,com.thealgorithms.audiofilters,EMAFilter,5,68,2,6,1,14,2,4,0,2
Java,com.thealgorithms.io,BufferedReader,48,222,7,21,10,54,8,20,2,12
Java,com.thealgorithms.sorts,BitonicSort,0,170,0,20,0,32,0,18,0,8
Java,com.thealgorithms.sorts,DualPivotQuickSort,0,158,0,18,0,36,0,13,0,4
Java,com.thealgorithms.sorts,TopologicalSort.Vertex,0,14,0,0,0,5,0,1,0,1
Java,com.thealgorithms.sorts,ShellSort,0,89,0,12,0,19,0,11,0,5
Java,com.thealgorithms.sorts,TopologicalSort.Graph,0,32,0,2,0,6,0,3,0,2
Java,com.thealgorithms.sorts,OddEvenSort,0,88,0,14,0,18,0,11,0,4
Java,com.thealgorithms.sorts,BogoSort,86,64,0,8,6,14,1,9,1,5
Java,com.thealgorithms.sorts,SortAlgorithm,0,10,0,0,0,1,0,1,0,1
Java,com.thealgorithms.sorts,Task2,2,172,2,22,1,38,2,15,0,5
Java,com.thealgorithms.sorts,PatienceSort.PileNode,0,15,0,0,0,2,0,2,0,2
Java,com.thealgorithms.sorts,Task1,0,93,1,13,0,20,1,9,0,3
Java,com.thealgorithms.sorts,WiggleSort,10,156,2,16,2,28,2,12,0,5
Java,com.thealgorithms.sorts,RadixSort,0,168,0,14,0,34,0,16,0,9
Java,com.thealgorithms.sorts,CycleSort,2,96,1,11,1,22,1,10,0,5
Java,com.thealgorithms.sorts,QuickSort,0,93,0,10,0,23,0,10,0,5
Java,com.thealgorithms.sorts,PancakeSort,0,63,0,8,0,14,0,7,0,3
Java,com.thealgorithms.sorts,CocktailShakerSort,0,91,0,12,0,21,0,10,0,4
Java,com.thealgorithms.sorts,TopologicalSort.Color,0,21,0,0,0,4,0,1,0,1
Java,com.thealgorithms.sorts,BucketSort,0,203,0,18,0,39,0,18,0,9
Java,com.thealgorithms.sorts,FlashSort,5,324,2,34,1,71,2,28,0,12
Java,com.thealgorithms.sorts,DutchNationalFlagSort,0,66,0,6,0,16,0,7,0,4
Java,com.thealgorithms.sorts,BinaryInsertionSort,0,69,0,8,0,15,0,6,0,2
Java,com.thealgorithms.sorts,BitonicSort.Direction,0,15,0,0,0,3,0,1,0,1
Java,com.thealgorithms.sorts,MergeSortNoExtraSpace,0,181,0,20,0,35,0,14,0,4
Java,com.thealgorithms.sorts,SpreadSort,1,338,1,43,1,68,1,32,0,11
Java,com.thealgorithms.sorts,Task,2,188,2,22,1,37,2,15,0,5
Java,com.thealgorithms.sorts,ExchangeSort,0,37,0,6,0,6,0,5,0,2
Java,com.thealgorithms.sorts,StoogeSort,0,82,0,6,0,16,0,6,0,3
Java,com.thealgorithms.sorts,WaveSort,0,95,0,20,0,13,0,13,0,3
Java,com.thealgorithms.sorts,SelectionSortRecursive,0,58,0,8,0,14,0,8,0,4
Java,com.thealgorithms.sorts,CombSort,0,67,0,8,0,15,0,8,0,4
Java,com.thealgorithms.sorts,LinkListSort,7,224,2,24,3,58,2,15,0,3
Java,com.thealgorithms.sorts,GnomeSort,0,40,0,6,0,10,0,5,0,2
Java,com.thealgorithms.sorts,Node,0,3,0,0,0,1,0,1,0,1
Java,com.thealgorithms.sorts,TimSort,0,153,0,14,0,22,0,10,0,3
Java,com.thealgorithms.sorts,PigeonholeSort,0,125,0,14,0,26,0,12,0,5
Java,com.thealgorithms.sorts,SortUtilsRandomGenerator,0,32,0,2,0,9,0,5,0,4
Java,com.thealgorithms.sorts,BubbleSortRecursive,0,46,0,6,0,11,0,6,0,3
Java,com.thealgorithms.sorts,MergeSortRecursive.new ArrayList() {...},0,14,0,0,0,2,0,1,0,1
Java,com.thealgorithms.sorts,MergeSortRecursive.new ArrayList() {...},0,14,0,0,0,2,0,1,0,1
Java,com.thealgorithms.sorts,CountingSort,0,119,0,8,0,19,0,8,0,4
Java,com.thealgorithms.sorts,CircleSort,0,104,0,20,0,23,0,13,0,3
Java,com.thealgorithms.sorts,IntrospectiveSort,110,158,16,16,20,32,11,12,2,5
Java,com.thealgorithms.sorts,SlowSort,0,58,0,4,0,12,0,5,0,3
Java,com.thealgorithms.sorts,BeadSort.BeadState,0,15,0,0,0,1,0,1,0,1
Java,com.thealgorithms.sorts,MergeSort,0,122,0,10,0,22,0,9,0,4
Java,com.thealgorithms.sorts,TreeSort,268,53,2,4,39,11,4,5,3,3
Java,com.thealgorithms.sorts,PatienceSort,0,149,0,14,0,34,0,12,0,5
Java,com.thealgorithms.sorts,SimpleSort,0,35,0,6,0,6,0,5,0,2
Java,com.thealgorithms.sorts,MergeSortRecursive,4,105,1,11,1,25,1,9,0,4
Java,com.thealgorithms.sorts,BubbleSort,0,47,0,8,0,10,0,6,0,2
Java,com.thealgorithms.sorts,SelectionSort,0,47,0,6,0,10,0,6,0,3
Java,com.thealgorithms.sorts,SortUtils,18,99,0,18,5,19,2,16,2,7
Java,com.thealgorithms.sorts,StalinSort,0,52,0,6,0,11,0,5,0,2
Java,com.thealgorithms.sorts,TopologicalSort,0,80,0,6,0,15,0,7,0,4
Java,com.thealgorithms.sorts,SwapSort,0,52,0,8,0,14,0,7,0,3
Java,com.thealgorithms.sorts,BeadSort,0,159,0,18,0,27,0,16,0,7
Java,com.thealgorithms.sorts,InsertionSort,0,139,3,21,0,29,3,14,0,5
Java,com.thealgorithms.sorts,SpreadSort.Bucket,0,48,0,2,0,10,0,5,0,4
Java,com.thealgorithms.sorts,AdaptiveMergeSort,0,127,0,12,0,25,0,10,0,4
Java,com.thealgorithms.sorts,HeapSort,0,91,0,12,0,21,0,10,0,4
Java,com.thealgorithms.sorts,StrandSort,0,132,0,14,0,29,0,11,0,4
Java,com.thealgorithms.stacks,PrefixEvaluator,5,98,1,10,1,20,1,10,0,4
Java,com.thealgorithms.stacks,StackPostfixNotation,0,119,0,13,0,22,0,16,0,8
Java,com.thealgorithms.stacks,PostfixEvaluator,9,95,2,9,2,17,2,9,0,4
Java,com.thealgorithms.stacks,InfixToPostfix,2,126,2,22,1,26,2,14,0,3
Java,com.thealgorithms.stacks,LargestRectangle,55,90,4,8,3,17,3,6,1,2
Java,com.thealgorithms.stacks,PrefixToInfix,0,87,0,20,0,18,0,12,0,2
Java,com.thealgorithms.stacks,MaximumMinimumWindow,272,0,30,0,37,0,18,0,3,0
Java,com.thealgorithms.stacks,SmallestElementConstantTime,0,88,0,10,0,21,0,9,0,4
Java,com.thealgorithms.stacks,MinStackUsingSingleStack,0,96,1,7,0,16,1,8,0,5
Java,com.thealgorithms.stacks,PalindromeWithStack,0,62,0,4,0,13,0,4,0,2
Java,com.thealgorithms.stacks,GreatestElementConstantTime,0,88,0,10,0,21,0,9,0,4
Java,com.thealgorithms.stacks,NextGreaterElement,0,53,0,8,0,9,0,5,0,1
Java,com.thealgorithms.stacks,NextSmallerElement,0,60,0,10,0,12,0,6,0,1
Java,com.thealgorithms.stacks,MinStackUsingTwoStacks,6,57,1,5,1,12,2,6,1,4
Java,com.thealgorithms.stacks,BalancedBrackets,0,138,0,17,0,16,0,11,0,2
Java,com.thealgorithms.stacks,SortStack,0,44,0,6,0,13,0,5,0,2
Java,com.thealgorithms.stacks,CelebrityFinder,0,83,1,13,0,15,1,7,0,1
Java,com.thealgorithms.stacks,DuplicateBrackets,0,64,3,13,0,14,3,6,0,1
Java,com.thealgorithms.stacks,DecimalToAnyUsingStack,0,133,0,12,0,15,0,7,0,1
Java,com.thealgorithms.stacks,InfixToPrefix,7,144,3,25,2,31,3,15,0,3
Java,com.thealgorithms.stacks,PostfixToInfix,10,145,5,27,3,26,5,14,0,3
Java,com.thealgorithms.stacks,StackUsingTwoQueues,5,72,1,5,1,18,1,8,0,6
Java,com.thealgorithms.datastructures.dynamicarray,DynamicArray,5,203,2,18,1,43,2,21,0,13
Java,com.thealgorithms.datastructures.dynamicarray,DynamicArray.DynamicArrayIterator,9,87,2,8,2,20,2,9,0,6
Java,com.thealgorithms.datastructures,Node,9,23,0,0,4,8,1,4,1,4
Java,com.thealgorithms.datastructures.lists,SkipList.Node,4,65,2,2,1,17,2,7,0,7
Java,com.thealgorithms.datastructures.lists,SkipList.BernoulliHeightStrategy,26,58,6,4,7,13,5,5,1,4
Java,com.thealgorithms.datastructures.lists,MergeKSortedLinkedList,2,77,2,14,1,18,2,9,0,3
Java,com.thealgorithms.datastructures.lists,CursorLinkedList.Node,0,9,0,0,0,4,0,1,0,1
Java,com.thealgorithms.datastructures.lists,CircleLinkedList.Node,0,9,0,0,0,4,0,1,0,1
Java,com.thealgorithms.datastructures.lists,ReverseKGroup,0,69,2,8,0,24,2,7,0,4
Java,com.thealgorithms.datastructures.lists,SearchSinglyLinkedListRecursion,0,25,0,6,0,3,0,6,0,3
Java,com.thealgorithms.datastructures.lists,SinglyLinkedList.SinglyLinkedListIterator,4,29,1,3,1,8,1,4,0,3
Java,com.thealgorithms.datastructures.lists,Node,0,17,0,0,0,8,0,3,0,3
Java,com.thealgorithms.datastructures.lists,RandomNode,104,0,2,0,21,0,5,0,4,0
Java,com.thealgorithms.datastructures.lists,MergeSortedSinglyLinkedList,3,67,0,12,1,16,1,7,1,1
Java,com.thealgorithms.datastructures.lists,RandomNode.ListNode,6,0,0,0,3,0,1,0,1,0
Java,com.thealgorithms.datastructures.lists,CountSinglyLinkedListRecursion,0,19,0,2,0,3,0,4,0,3
Java,com.thealgorithms.datastructures.lists,RotateSinglyLinkedLists,0,50,0,10,0,17,0,7,0,2
Java,com.thealgorithms.datastructures.lists,SortedLinkedList,4,189,1,33,1,53,1,22,0,6
Java,com.thealgorithms.datastructures.lists,MergeSortedArrayList,0,79,0,16,0,13,0,9,0,1
Java,com.thealgorithms.datastructures.lists,CreateAndDetectLoop,7,64,3,19,2,23,4,10,1,2
Java,com.thealgorithms.datastructures.lists,Link,100,0,0,0,37,0,3,0,3,0
Java,com.thealgorithms.datastructures.lists,CircleLinkedList,14,149,1,17,2,38,1,13,0,5
Java,com.thealgorithms.datastructures.lists,QuickSortLinkedList,0,113,0,12,0,36,0,9,0,3
Java,com.thealgorithms.datastructures.lists,SkipList,2,383,2,40,1,88,2,29,0,10
Java,com.thealgorithms.datastructures.lists,SortedLinkedList.Node,0,9,0,0,0,4,0,1,0,1
Java,com.thealgorithms.datastructures.lists,CursorLinkedList,40,318,10,26,13,74,9,18,1,8
Java,com.thealgorithms.datastructures.lists,CreateAndDetectLoop.Node,0,9,0,0,0,4,0,1,0,1
Java,com.thealgorithms.datastructures.lists,MergeKSortedLinkedList.Node,0,18,0,0,0,8,0,2,0,2
Java,com.thealgorithms.datastructures.lists,DoublyLinkedList,74,0,10,0,23,0,10,0,5,0
Java,com.thealgorithms.datastructures.lists,SinglyLinkedList,321,404,62,54,70,120,44,42,6,22
Java,com.thealgorithms.datastructures.lists,LinkOperations,403,0,44,0,111,0,34,0,12,0
Java,com.thealgorithms.devutils.entities,ProcessDetails,8,57,0,0,4,23,2,11,2,11
Java,com.thealgorithms.others.cn,HammingDistance,0,55,0,10,0,12,0,8,0,3
Java,com.thealgorithms.scheduling,EDFScheduling.Process,0,35,0,0,0,14,0,8,0,8
Java,com.thealgorithms.scheduling,NonPreemptivePriorityScheduling,0,144,0,14,0,27,0,10,0,3
Java,com.thealgorithms.scheduling,MLFQScheduler,0,145,0,16,0,31,0,13,0,5
Java,com.thealgorithms.scheduling,LotteryScheduling.Process,0,35,0,0,0,14,0,8,0,8
Java,com.thealgorithms.scheduling,HighestResponseRatioNextScheduling,0,160,0,18,0,37,0,14,0,5
Java,com.thealgorithms.scheduling,Process,3,35,1,3,1,11,1,4,0,3
Java,com.thealgorithms.scheduling,SJFScheduling,0,191,0,24,0,45,0,16,0,4
Java,com.thealgorithms.scheduling,NonPreemptivePriorityScheduling.Process,6,29,1,1,1,9,1,2,0,2
Java,com.thealgorithms.scheduling,ProportionalFairScheduling.Process,0,12,0,0,0,5,0,1,0,1
Java,com.thealgorithms.scheduling,MultiAgentScheduling.Agent,0,20,0,0,0,7,0,3,0,3
Java,com.thealgorithms.scheduling,SlackTimeScheduling,0,47,0,2,0,11,0,4,0,3
Java,com.thealgorithms.scheduling,FairShareScheduling.User,0,19,0,0,0,7,0,2,0,2
Java,com.thealgorithms.scheduling,RandomScheduling,0,24,0,0,0,7,0,2,0,2
Java,com.thealgorithms.scheduling,ProportionalFairScheduling,0,79,0,4,0,15,0,7,0,5
Java,com.thealgorithms.scheduling,RRScheduling,11,212,2,26,4,45,2,16,0,4
Java,com.thealgorithms.scheduling,SelfAdjustingScheduling.Task,0,32,0,0,0,9,0,3,0,3
Java,com.thealgorithms.scheduling,JobSchedulingWithDeadline,0,95,1,7,0,15,1,6,0,3
Java,com.thealgorithms.scheduling,SRTFScheduling,26,128,4,16,3,21,3,9,0,2
Java,com.thealgorithms.scheduling,FCFSScheduling,1,84,1,5,1,20,1,6,0,4
Java,com.thealgorithms.scheduling,HighestResponseRatioNextScheduling.Process,0,31,0,0,0,8,0,2,0,2
Java,com.thealgorithms.scheduling,EDFScheduling,5,54,1,3,1,14,1,3,0,2
Java,com.thealgorithms.scheduling,GangScheduling,0,56,1,3,0,14,1,5,0,4
Java,com.thealgorithms.scheduling,SelfAdjustingScheduling,4,39,0,2,1,11,1,4,1,3
Java,com.thealgorithms.scheduling,FairShareScheduling,0,94,1,5,0,19,1,8,0,6
Java,com.thealgorithms.scheduling,PreemptivePriorityScheduling,0,101,0,10,0,27,0,9,0,4
Java,com.thealgorithms.scheduling,JobSchedulingWithDeadline.Job,0,15,0,0,0,6,0,1,0,1
Java,com.thealgorithms.scheduling,MultiAgentScheduling,0,56,1,3,0,14,1,5,0,4
Java,com.thealgorithms.scheduling,AgingScheduling.Task,0,12,0,0,0,5,0,1,0,1
Java,com.thealgorithms.scheduling,SlackTimeScheduling.Task,0,18,0,0,0,6,0,2,0,2
Java,com.thealgorithms.scheduling,GangScheduling.Gang,0,20,0,0,0,7,0,3,0,3
Java,com.thealgorithms.scheduling,LotteryScheduling,25,96,3,5,9,24,4,4,1,3
Java,com.thealgorithms.scheduling,AgingScheduling,0,50,0,2,0,12,0,4,0,3
Java,com.thealgorithms.lineclipping,CohenSutherland,45,194,5,23,6,48,3,14,0,3
Java,com.thealgorithms.lineclipping,LiangBarsky,4,235,2,18,2,34,2,12,0,4
Java,com.thealgorithms.scheduling.diskscheduling,CircularScanScheduling,0,149,2,22,0,32,2,14,0,4
Java,com.thealgorithms.scheduling.diskscheduling,SSFScheduling,0,72,0,6,0,22,0,7,0,4
Java,com.thealgorithms.scheduling.diskscheduling,LookScheduling,0,154,4,14,0,37,4,10,0,5
Java,com.thealgorithms.scheduling.diskscheduling,ScanScheduling,0,107,0,8,0,29,0,8,0,4
Java,com.thealgorithms.scheduling.diskscheduling,CircularLookScheduling,0,110,3,11,0,29,3,8,0,4
Java,com.thealgorithms.lineclipping.utils,Point,30,34,4,4,6,7,7,2,3,2
Java,com.thealgorithms.lineclipping.utils,Line,30,34,4,4,6,7,7,2,3,2
Java,com.thealgorithms.searches,SortOrderAgnosticBinarySearch,12,56,3,9,3,13,3,4,0,1
Java,com.thealgorithms.searches,FibonacciSearch,0,138,0,22,0,36,0,14,0,3
Java,com.thealgorithms.searches,UnionFind,6,132,1,13,1,29,1,11,0,5
Java,com.thealgorithms.searches,HowManyTimesRotated,54,64,10,6,10,10,8,2,1,1
Java,com.thealgorithms.searches,Searcher,0,44,0,6,0,13,0,6,0,3
Java,com.thealgorithms.searches,SearchResult,21,48,5,5,3,11,6,5,1,5
Java,com.thealgorithms.searches,InterpolationSearch,4,63,1,9,1,11,1,6,0,2
Java,com.thealgorithms.searches,RowColumnWiseSorted2dArrayBinarySearch,7,51,1,7,2,11,3,4,2,1
Java,com.thealgorithms.searches,UpperBound,0,48,0,4,0,9,0,5,0,3
Java,com.thealgorithms.searches,BinarySearch,0,54,0,6,0,11,0,6,0,3
Java,com.thealgorithms.searches,SearchAlgorithm,0,3,0,0,0,1,0,1,0,1
Java,com.thealgorithms.searches,MonteCarloTreeSearch.Node,3,23,0,0,2,8,1,1,1,1
Java,com.thealgorithms.searches,KMPSearch,0,128,1,17,0,35,1,11,0,3
Java,com.thealgorithms.searches,IterativeBinarySearch,0,41,0,6,0,12,0,5,0,2
Java,com.thealgorithms.searches,SaddlebackSearch,0,69,1,9,0,12,1,5,0,1
Java,com.thealgorithms.searches,BM25InvertedIndex,11,246,2,8,3,40,2,10,0,7
Java,com.thealgorithms.searches,RandomSearch,0,40,0,4,0,11,0,4,0,2
Java,com.thealgorithms.searches,LinearSearch,0,21,0,4,0,5,0,4,0,2
Java,com.thealgorithms.searches,BreadthFirstSearch,1,90,2,12,1,22,2,8,0,3
Java,com.thealgorithms.searches,SquareRootBinarySearch,0,56,0,10,0,15,0,6,0,1
Java,com.thealgorithms.searches,IterativeTernarySearch,0,90,2,16,0,21,2,9,0,2
Java,com.thealgorithms.searches,OrderAgnosticBinarySearch,0,63,0,12,0,14,0,7,0,1
Java,com.thealgorithms.searches,RecursiveBinarySearch,68,46,4,6,16,10,4,5,2,2
Java,com.thealgorithms.searches,RabinKarpAlgorithm,0,125,0,18,0,25,0,10,0,1
Java,com.thealgorithms.searches,DepthFirstSearch,0,45,0,4,0,9,0,6,0,4
Java,com.thealgorithms.searches,TernarySearch,0,87,0,10,0,15,0,8,0,3
Java,com.thealgorithms.searches,MonteCarloTreeSearch,0,253,1,29,0,47,1,22,0,8
Java,com.thealgorithms.searches,ExponentialSearch,0,58,1,9,0,11,1,6,0,2
Java,com.thealgorithms.searches,JumpSearch,0,53,0,10,0,10,0,7,0,2
Java,com.thealgorithms.searches,BinarySearch2dArray,0,241,1,25,0,35,1,14,0,2
Java,com.thealgorithms.searches,Movie,10,27,0,0,1,8,1,2,1,2
Java,com.thealgorithms.searches,SearchInARowAndColWiseSortedMatrix,0,58,0,8,0,14,0,6,0,2
Java,com.thealgorithms.searches,PerfectBinarySearch,0,45,0,6,0,12,0,6,0,3
Java,com.thealgorithms.searches,LowerBound,0,52,0,6,0,11,0,6,0,3
Java,com.thealgorithms.searches,QuickSelect,0,232,0,28,0,52,0,20,0,6
Java,com.thealgorithms.graph,StronglyConnectedComponentOptimized,0,200,3,25,0,44,3,15,0,4
Java,com.thealgorithms.datastructures.bloomfilter,BloomFilter,5,107,2,10,1,19,2,8,0,4
Java,com.thealgorithms.datastructures.bloomfilter,BloomFilter.Hash,0,39,0,2,0,8,0,4,0,3
Java,com.thealgorithms.backtracking,ParenthesesGenerator,0,55,0,8,0,13,0,6,0,2
Java,com.thealgorithms.backtracking,CrosswordSolver,0,214,2,32,0,33,2,19,0,4
Java,com.thealgorithms.backtracking,MazeRecursion,47,105,10,18,12,24,7,11,0,4
Java,com.thealgorithms.backtracking,PowerSum,0,53,1,7,0,10,1,6,0,3
Java,com.thealgorithms.backtracking,NQueens,45,107,4,18,10,22,3,12,1,3
Java,com.thealgorithms.backtracking,FloodFill,0,115,0,12,0,15,0,9,0,3
Java,com.thealgorithms.backtracking,MColoring,0,135,0,16,0,25,0,9,0,1
Java,com.thealgorithms.backtracking,Permutation,0,62,0,4,0,15,0,5,0,3
Java,com.thealgorithms.backtracking,KnightsTour,16,379,15,39,5,40,14,20,0,7
Java,com.thealgorithms.backtracking,SubsequenceFinder,4,68,1,5,0,17,1,5,0,3
Java,com.thealgorithms.backtracking,WordPatternMatcher,1,125,1,17,1,23,1,10,0,2
Java,com.thealgorithms.backtracking,WordSearch,0,196,0,28,0,26,0,18,0,4
Java,com.thealgorithms.backtracking,Combination,0,104,0,12,0,22,0,8,0,2
Java,com.thealgorithms.backtracking,AllPathsFromSourceToTarget,0,157,0,10,0,33,0,12,0,7
Java,com.thealgorithms.backtracking,Node,0,11,0,0,0,3,0,1,0,1
Java,com.thealgorithms.backtracking,ArrayCombination,0,62,0,10,0,13,0,7,0,2
Java,com.thealgorithms,testfile,59,0,2,0,7,0,3,0,2,0
Java,com.thealgorithms.dynamicprogramming,MaximumSumOfNonAdjacentElements,0,101,0,12,0,26,0,8,0,2
Java,com.thealgorithms.dynamicprogramming,PalindromicPartitioning,0,151,0,24,0,19,0,13,0,1
Java,com.thealgorithms.dynamicprogramming,LongestArithmeticSubsequence,0,82,0,8,0,13,0,5,0,1
Java,com.thealgorithms.dynamicprogramming,MinimumSumPartition,0,89,0,16,0,15,0,11,0,3
Java,com.thealgorithms.dynamicprogramming,LongestPalindromicSubsequence,116,0,8,0,23,0,7,0,3,0
Java,com.thealgorithms.dynamicprogramming,LongestCommonSubsequence,0,197,1,25,0,29,1,14,0,2
Java,com.thealgorithms.dynamicprogramming,CatalanNumber,20,52,0,4,6,8,1,3,1,1
Java,com.thealgorithms.dynamicprogramming,CoinChange,0,121,0,16,0,17,0,10,0,2
Java,com.thealgorithms.dynamicprogramming,NewManShanksPrime,0,45,0,4,0,6,0,3,0,1
Java,com.thealgorithms.dynamicprogramming,ClimbingStairs,0,28,0,6,0,9,0,4,0,1
Java,com.thealgorithms.dynamicprogramming,ShortestCommonSupersequenceLength,0,105,0,10,0,13,0,7,0,2
Java,com.thealgorithms.dynamicprogramming,AllConstruct,0,120,0,14,0,17,0,8,0,1
Java,com.thealgorithms.dynamicprogramming,AssignmentUsingBitmask,0,189,0,18,0,29,0,12,0,3
Java,com.thealgorithms.dynamicprogramming,Knapsack,0,88,0,18,0,14,0,12,0,3
Java,com.thealgorithms.dynamicprogramming,SubsetSum,0,50,0,8,0,7,0,5,0,1
Java,com.thealgorithms.dynamicprogramming,MinimumPathSum,0,93,0,8,0,13,0,5,0,1
Java,com.thealgorithms.dynamicprogramming,MatrixChainRecursiveTopDownMemoisation,0,117,0,12,0,16,0,8,0,2
Java,com.thealgorithms.dynamicprogramming,WineProblem,0,235,1,15,0,32,1,10,0,3
Java,com.thealgorithms.dynamicprogramming,Abbreviation,0,80,0,12,0,12,0,7,0,1
Java,com.thealgorithms.dynamicprogramming,SumOfSubset,0,36,0,10,0,7,0,6,0,1
Java,com.thealgorithms.dynamicprogramming,BruteForceKnapsack,0,49,0,6,0,5,0,4,0,1
Java,com.thealgorithms.dynamicprogramming,PartitionProblem,0,18,0,4,0,2,0,3,0,1
Java,com.thealgorithms.dynamicprogramming,LongestAlternatingSubsequence,0,119,0,14,0,13,0,8,0,1
Java,com.thealgorithms.dynamicprogramming,LongestPalindromicSubstring,0,106,1,19,0,16,1,10,0,1
Java,com.thealgorithms.dynamicprogramming,RodCutting,0,64,1,9,0,12,1,5,0,1
Java,com.thealgorithms.dynamicprogramming,EggDropping,12,106,0,12,5,14,1,7,1,1
Java,com.thealgorithms.dynamicprogramming,LongestIncreasingSubsequence,0,186,0,26,0,45,0,17,0,4
Java,com.thealgorithms.dynamicprogramming,SubsetSumSpaceOptimized,0,50,0,8,0,7,0,5,0,1
Java,com.thealgorithms.dynamicprogramming,LevenshteinDistance,0,201,0,14,0,19,0,14,0,7
Java,com.thealgorithms.dynamicprogramming,EditDistance,123,132,8,10,19,20,6,6,2,1
Java,com.thealgorithms.dynamicprogramming,MatrixChainMultiplication.Result,0,15,0,0,0,6,0,3,0,3
Java,com.thealgorithms.dynamicprogramming,BoardPath,0,113,0,20,0,26,0,13,0,3
Java,com.thealgorithms.dynamicprogramming,OptimalJobScheduling,0,164,0,16,0,33,0,15,0,7
Java,com.thealgorithms.dynamicprogramming,KnapsackMemoization,0,125,0,10,0,15,0,8,0,3
Java,com.thealgorithms.dynamicprogramming,CountFriendsPairing,0,52,0,6,0,8,0,4,0,1
Java,com.thealgorithms.dynamicprogramming,UniqueSubsequencesCount,7,77,0,8,2,16,1,6,1,2
Java,com.thealgorithms.dynamicprogramming,WildcardMatching,0,133,0,18,0,17,0,10,0,1
Java,com.thealgorithms.dynamicprogramming,Tribonacci,0,39,0,8,0,13,0,5,0,1
Java,com.thealgorithms.dynamicprogramming,RegexMatching,11,443,6,96,1,84,5,50,0,4
Java,com.thealgorithms.dynamicprogramming,UniquePaths,0,119,0,14,0,17,0,9,0,2
Java,com.thealgorithms.dynamicprogramming,LongestValidParentheses,0,118,1,19,0,17,1,10,0,1
Java,com.thealgorithms.dynamicprogramming,DP,0,71,0,12,0,8,0,7,0,1
Java,com.thealgorithms.dynamicprogramming,Fibonacci,0,168,0,20,0,35,0,15,0,5
Java,com.thealgorithms.dynamicprogramming,MatrixChainMultiplication,0,179,1,15,0,23,1,9,0,2
Java,com.thealgorithms.dynamicprogramming,KadaneAlgorithm,1,40,1,5,0,8,1,3,0,1
Java,com.thealgorithms.dynamicprogramming,BoundaryFill,0,107,1,7,0,14,1,6,0,3
Java,com.thealgorithms.dynamicprogramming,MatrixChainMultiplication.Matrix,0,21,0,0,0,8,0,4,0,4
Java,com.thealgorithms.dynamicprogramming,SubsetCount,0,169,2,16,0,30,2,9,0,2
Java,com.thealgorithms.datastructures.heaps,HeapElement,57,95,6,8,21,21,10,11,5,9
Java,com.thealgorithms.datastructures.heaps,MedianFinder,9,98,2,8,1,14,2,7,0,4
Java,com.thealgorithms.datastructures.heaps,MinPriorityQueue,36,223,6,24,8,43,6,18,2,7
Java,com.thealgorithms.datastructures.heaps,FibonacciHeap,178,436,26,32,52,101,22,29,4,18
Java,com.thealgorithms.datastructures.heaps,EmptyHeapException,5,4,0,0,2,2,1,1,1,1
Java,com.thealgorithms.datastructures.heaps,KthElementFinder,0,82,0,8,0,12,0,7,0,3
Java,com.thealgorithms.datastructures.heaps,MinHeap,31,427,10,52,5,80,9,35,0,13
Java,com.thealgorithms.datastructures.heaps,LeftistHeap,0,158,0,16,0,43,0,17,0,9
Java,com.thealgorithms.datastructures.heaps,MergeKSortedArrays,0,120,0,8,0,15,0,6,0,2
Java,com.thealgorithms.datastructures.heaps,FibonacciHeap.HeapNode,12,47,3,1,5,15,4,5,2,5
Java,com.thealgorithms.datastructures.heaps,MaxHeap,56,463,17,55,2,72,13,36,0,13
Java,com.thealgorithms.datastructures.heaps,GenericHeap,20,238,5,19,2,48,4,19,0,11
Java,com.thealgorithms.datastructures.heaps,LeftistHeap.Node,0,15,0,0,0,6,0,1,0,1
Java,com.thealgorithms.recursion,GenerateSubsets,7,41,0,2,2,10,1,3,1,2
Java,com.thealgorithms.recursion,FibonacciSeries,7,15,0,2,2,3,1,2,1,1
